[debug] [2020-05-15T01:42:57.673Z] ----------------------------------------------------------------------
[debug] [2020-05-15T01:42:57.675Z] Command:       D:\Programmes\nodejs\node.exe C:\Users\Mahmoud\AppData\Roaming\npm\node_modules\firebase-tools\lib\bin\firebase.js serve
[debug] [2020-05-15T01:42:57.675Z] CLI Version:   8.2.0
[debug] [2020-05-15T01:42:57.675Z] Platform:      win32
[debug] [2020-05-15T01:42:57.675Z] Node Version:  v10.16.3
[debug] [2020-05-15T01:42:57.676Z] Time:          Fri May 15 2020 01:42:57 GMT+0000 (GMT)
[debug] [2020-05-15T01:42:57.676Z] ----------------------------------------------------------------------
[debug] [2020-05-15T01:42:57.676Z] 
[debug] [2020-05-15T01:42:57.683Z] > command requires scopes: ["email","openid","https://www.googleapis.com/auth/cloudplatformprojects.readonly","https://www.googleapis.com/auth/firebase","https://www.googleapis.com/auth/cloud-platform"]
[debug] [2020-05-15T01:42:57.684Z] > authorizing via signed-in user
[debug] [2020-05-15T01:42:57.684Z] [iam] checking project plateforme-ecole for permissions ["firebase.projects.get"]
[debug] [2020-05-15T01:42:57.686Z] > refreshing access token with scopes: ["email","https://www.googleapis.com/auth/cloud-platform","https://www.googleapis.com/auth/cloudplatformprojects.readonly","https://www.googleapis.com/auth/firebase","openid"]
[debug] [2020-05-15T01:42:57.687Z] >>> HTTP REQUEST POST https://www.googleapis.com/oauth2/v3/token  
 <request body omitted>
[debug] [2020-05-15T01:42:58.104Z] <<< HTTP RESPONSE 200 {"content-type":"application/json; charset=utf-8","vary":"X-Origin, Referer, Origin,Accept-Encoding","date":"Fri, 15 May 2020 01:42:58 GMT","server":"scaffolding on HTTPServer2","cache-control":"private","x-xss-protection":"0","x-frame-options":"SAMEORIGIN","x-content-type-options":"nosniff","alt-svc":"h3-27=\":443\"; ma=2592000,h3-25=\":443\"; ma=2592000,h3-T050=\":443\"; ma=2592000,h3-Q050=\":443\"; ma=2592000,h3-Q049=\":443\"; ma=2592000,h3-Q048=\":443\"; ma=2592000,h3-Q046=\":443\"; ma=2592000,h3-Q043=\":443\"; ma=2592000,quic=\":443\"; ma=2592000; v=\"46,43\"","accept-ranges":"none","transfer-encoding":"chunked"}
[debug] [2020-05-15T01:42:58.118Z] >>> HTTP REQUEST POST https://cloudresourcemanager.googleapis.com/v1/projects/plateforme-ecole:testIamPermissions  
 {"permissions":["firebase.projects.get"]}
[debug] [2020-05-15T01:42:59.325Z] <<< HTTP RESPONSE 200 {"content-type":"application/json; charset=UTF-8","vary":"X-Origin, Referer, Origin,Accept-Encoding","date":"Fri, 15 May 2020 01:42:59 GMT","server":"ESF","cache-control":"private","x-xss-protection":"0","x-frame-options":"SAMEORIGIN","x-content-type-options":"nosniff","server-timing":"gfet4t7; dur=763","alt-svc":"h3-27=\":443\"; ma=2592000,h3-25=\":443\"; ma=2592000,h3-T050=\":443\"; ma=2592000,h3-Q050=\":443\"; ma=2592000,h3-Q049=\":443\"; ma=2592000,h3-Q048=\":443\"; ma=2592000,h3-Q046=\":443\"; ma=2592000,h3-Q043=\":443\"; ma=2592000,quic=\":443\"; ma=2592000; v=\"46,43\"","accept-ranges":"none","transfer-encoding":"chunked"}
[debug] [2020-05-15T01:42:59.326Z] >>> HTTP REQUEST GET https://firebase.googleapis.com/v1beta1/projects/plateforme-ecole  
 
[debug] [2020-05-15T01:42:59.955Z] <<< HTTP RESPONSE 200 {"content-type":"application/json; charset=UTF-8","vary":"X-Origin, Referer, Origin,Accept-Encoding","date":"Fri, 15 May 2020 01:43:00 GMT","server":"ESF","cache-control":"private","x-xss-protection":"0","x-frame-options":"SAMEORIGIN","x-content-type-options":"nosniff","alt-svc":"h3-27=\":443\"; ma=2592000,h3-25=\":443\"; ma=2592000,h3-T050=\":443\"; ma=2592000,h3-Q050=\":443\"; ma=2592000,h3-Q049=\":443\"; ma=2592000,h3-Q048=\":443\"; ma=2592000,h3-Q046=\":443\"; ma=2592000,h3-Q043=\":443\"; ma=2592000,quic=\":443\"; ma=2592000; v=\"46,43\"","accept-ranges":"none","transfer-encoding":"chunked"}
[info] 
[info] === Serving from 'D:\Coding\Projets\React\react-boilerplate'...
[info] 
[debug] [2020-05-15T01:42:59.962Z] >>> HTTP REQUEST GET https://firebase.googleapis.com/v1beta1/projects/plateforme-ecole/webApps/-/config  
 
[debug] [2020-05-15T01:43:00.790Z] <<< HTTP RESPONSE 200 {"content-type":"application/json; charset=UTF-8","vary":"X-Origin, Referer, Origin,Accept-Encoding","date":"Fri, 15 May 2020 01:43:00 GMT","server":"ESF","cache-control":"private","x-xss-protection":"0","x-frame-options":"SAMEORIGIN","x-content-type-options":"nosniff","alt-svc":"h3-27=\":443\"; ma=2592000,h3-25=\":443\"; ma=2592000,h3-T050=\":443\"; ma=2592000,h3-Q050=\":443\"; ma=2592000,h3-Q049=\":443\"; ma=2592000,h3-Q048=\":443\"; ma=2592000,h3-Q046=\":443\"; ma=2592000,h3-Q043=\":443\"; ma=2592000,quic=\":443\"; ma=2592000; v=\"46,43\"","accept-ranges":"none","transfer-encoding":"chunked"}
[info] i  hosting: Serving hosting files from: build
[info] +  hosting: Local server: http://localhost:5000
[warn] !  Your requested "node" version "8" doesn't match your global version "10"
[info] +  functions: functions emulator started at http://localhost:5001
[info] i  functions: Watching "D:\Coding\Projets\React\react-boilerplate\functions" for Cloud Functions...
[debug] [2020-05-15T01:43:02.001Z] [worker-pool] addWorker(~diagnostic~) 
[debug] [2020-05-15T01:43:02.001Z] [worker-pool] Adding worker with key ~diagnostic~, total=1 
[debug] [2020-05-15T01:43:02.001Z] [worker-pool] submitWork(triggerId=) 
[debug] [2020-05-15T01:43:02.001Z] [worker-~diagnostic~-54d48197-982f-412f-a306-6a9b1c7ebf4b]: Assigning socketPath: \\?\pipe\D:\Coding\Projets\React\react-boilerplate\functions\15004 
[debug] [2020-05-15T01:43:02.002Z] [worker-~diagnostic~-54d48197-982f-412f-a306-6a9b1c7ebf4b]: BUSY 
[debug] [2020-05-15T01:43:02.488Z] [runtime-status] [15004] Functions runtime initialized. {"cwd":"D:\\Coding\\Projets\\React\\react-boilerplate\\functions","node_version":"10.16.3"} 
[debug] [2020-05-15T01:43:02.489Z] [runtime-status] [15004] Disabled runtime features: undefined 
[debug] [2020-05-15T01:43:02.492Z] [runtime-status] [15004] Resolved module firebase-admin {"declared":true,"installed":true,"version":"8.12.1","resolution":"D:\\Coding\\Projets\\React\\react-boilerplate\\functions\\node_modules\\firebase-admin\\lib\\index.js"} 
[debug] [2020-05-15T01:43:02.493Z] [runtime-status] [15004] Resolved module firebase-functions {"declared":true,"installed":true,"version":"3.6.1","resolution":"D:\\Coding\\Projets\\React\\react-boilerplate\\functions\\node_modules\\firebase-functions\\lib\\index.js"} 
[debug] [2020-05-15T01:43:02.497Z] [runtime-status] [15004] Outgoing network have been stubbed. [{"name":"http","status":"mocked"},{"name":"http","status":"mocked"},{"name":"https","status":"mocked"},{"name":"https","status":"mocked"},{"name":"net","status":"mocked"}] 
[debug] [2020-05-15T01:43:02.534Z] [runtime-status] [15004] Checked functions.config() {"config":{}} 
[debug] [2020-05-15T01:43:02.535Z] [runtime-status] [15004] Resolved module firebase-functions {"declared":true,"installed":true,"version":"3.6.1","resolution":"D:\\Coding\\Projets\\React\\react-boilerplate\\functions\\node_modules\\firebase-functions\\lib\\index.js"} 
[debug] [2020-05-15T01:43:02.535Z] [runtime-status] [15004] Resolved module firebase-admin {"declared":true,"installed":true,"version":"8.12.1","resolution":"D:\\Coding\\Projets\\React\\react-boilerplate\\functions\\node_modules\\firebase-admin\\lib\\index.js"} 
[debug] [2020-05-15T01:43:02.536Z] [runtime-status] [15004] Resolved module firebase-functions {"declared":true,"installed":true,"version":"3.6.1","resolution":"D:\\Coding\\Projets\\React\\react-boilerplate\\functions\\node_modules\\firebase-functions\\lib\\index.js"} 
[debug] [2020-05-15T01:43:02.537Z] [runtime-status] [15004] firebase-admin has been stubbed. {"adminResolution":{"declared":true,"installed":true,"version":"8.12.1","resolution":"D:\\Coding\\Projets\\React\\react-boilerplate\\functions\\node_modules\\firebase-admin\\lib\\index.js"}} 
[debug] [2020-05-15T01:43:02.811Z] [runtime-status] [15004] initializeApp(DEFAULT) {"databaseURL":"https://plateforme-ecole.firebaseio.com","storageBucket":"plateforme-ecole.appspot.com","projectId":"plateforme-ecole","apiKey":"AIzaSyBbYyawl0FOD8WLKF4E5diHIa6z_de8vSU","authDomain":"plateforme-ecole.firebaseapp.com","messagingSenderId":"342124815010","appId":"1:342124815010:web:489a11e6615916ac5b6dfb"} 
[info] +  functions[api]: http function initialized (http://localhost:5001/plateforme-ecole/europe-west1/api).
[debug] [2020-05-15T01:43:02.816Z] [worker-~diagnostic~-54d48197-982f-412f-a306-6a9b1c7ebf4b]: IDLE 
[debug] [2020-05-15T01:43:20.114Z] [work-queue] {"queueLength":1,"workRunningCount":0}
[debug] [2020-05-15T01:43:20.116Z] [work-queue] {"queueLength":0,"workRunningCount":1}
[debug] [2020-05-15T01:43:20.117Z] Accepted request POST /plateforme-ecole/europe-west1/api --> api
[debug] [2020-05-15T01:43:20.131Z] [worker-pool] addWorker(api) 
[debug] [2020-05-15T01:43:20.131Z] [worker-pool] Adding worker with key api, total=1 
[debug] [2020-05-15T01:43:20.131Z] [worker-pool] submitWork(triggerId=api) 
[debug] [2020-05-15T01:43:20.132Z] [worker-api-92235c61-0f94-483f-9aaf-3bd114494431]: Assigning socketPath: \\?\pipe\D:\Coding\Projets\React\react-boilerplate\functions\8832 
[debug] [2020-05-15T01:43:20.132Z] [worker-api-92235c61-0f94-483f-9aaf-3bd114494431]: BUSY 
[debug] [2020-05-15T01:43:20.543Z] [runtime-status] [8832] Functions runtime initialized. {"cwd":"D:\\Coding\\Projets\\React\\react-boilerplate\\functions","node_version":"10.16.3"} 
[debug] [2020-05-15T01:43:20.545Z] [runtime-status] [8832] Disabled runtime features: undefined 
[debug] [2020-05-15T01:43:20.548Z] [runtime-status] [8832] Resolved module firebase-admin {"declared":true,"installed":true,"version":"8.12.1","resolution":"D:\\Coding\\Projets\\React\\react-boilerplate\\functions\\node_modules\\firebase-admin\\lib\\index.js"} 
[debug] [2020-05-15T01:43:20.549Z] [runtime-status] [8832] Resolved module firebase-functions {"declared":true,"installed":true,"version":"3.6.1","resolution":"D:\\Coding\\Projets\\React\\react-boilerplate\\functions\\node_modules\\firebase-functions\\lib\\index.js"} 
[debug] [2020-05-15T01:43:20.553Z] [runtime-status] [8832] Outgoing network have been stubbed. [{"name":"http","status":"mocked"},{"name":"http","status":"mocked"},{"name":"https","status":"mocked"},{"name":"https","status":"mocked"},{"name":"net","status":"mocked"}] 
[debug] [2020-05-15T01:43:20.595Z] [runtime-status] [8832] Checked functions.config() {"config":{}} 
[debug] [2020-05-15T01:43:20.596Z] [runtime-status] [8832] Resolved module firebase-functions {"declared":true,"installed":true,"version":"3.6.1","resolution":"D:\\Coding\\Projets\\React\\react-boilerplate\\functions\\node_modules\\firebase-functions\\lib\\index.js"} 
[debug] [2020-05-15T01:43:20.597Z] [runtime-status] [8832] Resolved module firebase-admin {"declared":true,"installed":true,"version":"8.12.1","resolution":"D:\\Coding\\Projets\\React\\react-boilerplate\\functions\\node_modules\\firebase-admin\\lib\\index.js"} 
[debug] [2020-05-15T01:43:20.597Z] [runtime-status] [8832] Resolved module firebase-functions {"declared":true,"installed":true,"version":"3.6.1","resolution":"D:\\Coding\\Projets\\React\\react-boilerplate\\functions\\node_modules\\firebase-functions\\lib\\index.js"} 
[debug] [2020-05-15T01:43:20.597Z] [runtime-status] [8832] firebase-admin has been stubbed. {"adminResolution":{"declared":true,"installed":true,"version":"8.12.1","resolution":"D:\\Coding\\Projets\\React\\react-boilerplate\\functions\\node_modules\\firebase-admin\\lib\\index.js"}} 
[debug] [2020-05-15T01:43:20.857Z] [runtime-status] [8832] initializeApp(DEFAULT) {"databaseURL":"https://plateforme-ecole.firebaseio.com","storageBucket":"plateforme-ecole.appspot.com","projectId":"plateforme-ecole","apiKey":"AIzaSyBbYyawl0FOD8WLKF4E5diHIa6z_de8vSU","authDomain":"plateforme-ecole.firebaseapp.com","messagingSenderId":"342124815010","appId":"1:342124815010:web:489a11e6615916ac5b6dfb"} 
[debug] [2020-05-15T01:43:20.859Z] [runtime-status] [8832] Trigger "api" has been found, beginning invocation! 
[info] i  functions: Beginning execution of "api"
[debug] [2020-05-15T01:43:20.860Z] [runtime-status] [8832] triggerDefinition {"regions":["europe-west1"],"httpsTrigger":{},"name":"api","entryPoint":"api"} 
[debug] [2020-05-15T01:43:20.860Z] [runtime-status] [8832] Running api in mode HTTPS 
[debug] [2020-05-15T01:43:20.863Z] [runtime-status] [8832] Attempting to listen to socketPath: \\?\pipe\D:\Coding\Projets\React\react-boilerplate\functions\8832 
[debug] [2020-05-15T01:43:20.867Z] [functions] Runtime ready! Sending request! 
[debug] [2020-05-15T01:43:20.887Z] [runtime-status] [8832] Ephemeral server handling POST request 
[debug] [2020-05-15T01:43:20.892Z] [runtime-status] [8832] Ephemeral server survived. 
[info] i  functions: Finished "api" in ~1s
[debug] [2020-05-15T01:43:20.897Z] [worker-api-92235c61-0f94-483f-9aaf-3bd114494431]: IDLE 
[debug] [2020-05-15T01:43:20.897Z] [work-queue] {"queueLength":0,"workRunningCount":0}
[debug] [2020-05-15T01:44:09.371Z] [work-queue] {"queueLength":1,"workRunningCount":0}
[debug] [2020-05-15T01:44:09.371Z] [work-queue] {"queueLength":0,"workRunningCount":1}
[debug] [2020-05-15T01:44:09.371Z] Accepted request POST /plateforme-ecole/europe-west1/api/signip --> api
[debug] [2020-05-15T01:44:09.371Z] [worker-pool] submitWork(triggerId=api) 
[debug] [2020-05-15T01:44:09.371Z] [worker-api-92235c61-0f94-483f-9aaf-3bd114494431]: Assigning socketPath: \\?\pipe\D:\Coding\Projets\React\react-boilerplate\functions\8832 
[debug] [2020-05-15T01:44:09.371Z] [worker-api-92235c61-0f94-483f-9aaf-3bd114494431]: BUSY 
[debug] [2020-05-15T01:44:09.372Z] [runtime-status] [8832] Trigger "api" has been found, beginning invocation! 
[info] i  functions: Beginning execution of "api"
[debug] [2020-05-15T01:44:09.373Z] [runtime-status] [8832] triggerDefinition {"regions":["europe-west1"],"httpsTrigger":{},"name":"api","entryPoint":"api"} 
[debug] [2020-05-15T01:44:09.373Z] [runtime-status] [8832] Running api in mode HTTPS 
[debug] [2020-05-15T01:44:09.374Z] [runtime-status] [8832] Attempting to listen to socketPath: \\?\pipe\D:\Coding\Projets\React\react-boilerplate\functions\8832 
[debug] [2020-05-15T01:44:09.374Z] [functions] Runtime ready! Sending request! 
[debug] [2020-05-15T01:44:09.377Z] [runtime-status] [8832] Ephemeral server handling POST request 
[debug] [2020-05-15T01:44:09.378Z] [runtime-status] [8832] Ephemeral server survived. 
[info] i  functions: Finished "api" in ~1s
[debug] [2020-05-15T01:44:09.379Z] [worker-api-92235c61-0f94-483f-9aaf-3bd114494431]: IDLE 
[debug] [2020-05-15T01:44:09.379Z] [work-queue] {"queueLength":0,"workRunningCount":0}
[debug] [2020-05-15T01:44:24.422Z] [work-queue] {"queueLength":1,"workRunningCount":0}
[debug] [2020-05-15T01:44:24.422Z] [work-queue] {"queueLength":0,"workRunningCount":1}
[debug] [2020-05-15T01:44:24.423Z] Accepted request POST /plateforme-ecole/europe-west1/api/signup --> api
[debug] [2020-05-15T01:44:24.423Z] [worker-pool] submitWork(triggerId=api) 
[debug] [2020-05-15T01:44:24.423Z] [worker-api-92235c61-0f94-483f-9aaf-3bd114494431]: Assigning socketPath: \\?\pipe\D:\Coding\Projets\React\react-boilerplate\functions\8832 
[debug] [2020-05-15T01:44:24.423Z] [worker-api-92235c61-0f94-483f-9aaf-3bd114494431]: BUSY 
[debug] [2020-05-15T01:44:24.423Z] [runtime-status] [8832] Trigger "api" has been found, beginning invocation! 
[info] i  functions: Beginning execution of "api"
[debug] [2020-05-15T01:44:24.425Z] [runtime-status] [8832] triggerDefinition {"regions":["europe-west1"],"httpsTrigger":{},"name":"api","entryPoint":"api"} 
[debug] [2020-05-15T01:44:24.425Z] [runtime-status] [8832] Running api in mode HTTPS 
[debug] [2020-05-15T01:44:24.425Z] [runtime-status] [8832] Attempting to listen to socketPath: \\?\pipe\D:\Coding\Projets\React\react-boilerplate\functions\8832 
[debug] [2020-05-15T01:44:24.427Z] [functions] Runtime ready! Sending request! 
[debug] [2020-05-15T01:44:24.430Z] [runtime-status] [8832] Ephemeral server handling POST request 
[debug] [2020-05-15T01:44:24.432Z] [runtime-status] [8832] Ephemeral server survived. 
[info] >  FirebaseError: Firebase: No Firebase App '[DEFAULT]' has been created - call Firebase App.initializeApp() (app/no-app). {"user":"FirebaseError: Firebase: No Firebase App '[DEFAULT]' has been created - call Firebase App.initializeApp() (app/no-app)."}
[info] >      at app (D:\Coding\Projets\React\react-boilerplate\functions\node_modules\@firebase\app\dist\index.node.cjs.js:358:33) {"user":"    at app (D:\\Coding\\Projets\\React\\react-boilerplate\\functions\\node_modules\\@firebase\\app\\dist\\index.node.cjs.js:358:33)"}
[info] >      at Object.serviceNamespace [as auth] (D:\Coding\Projets\React\react-boilerplate\functions\node_modules\@firebase\app\dist\index.node.cjs.js:409:51) {"user":"    at Object.serviceNamespace [as auth] (D:\\Coding\\Projets\\React\\react-boilerplate\\functions\\node_modules\\@firebase\\app\\dist\\index.node.cjs.js:409:51)"}
[info] >      at app.post (D:\Coding\Projets\React\react-boilerplate\functions\index.js:82:6) {"user":"    at app.post (D:\\Coding\\Projets\\React\\react-boilerplate\\functions\\index.js:82:6)"}
[info] >      at Layer.handle [as handle_request] (D:\Coding\Projets\React\react-boilerplate\functions\node_modules\express\lib\router\layer.js:95:5) {"user":"    at Layer.handle [as handle_request] (D:\\Coding\\Projets\\React\\react-boilerplate\\functions\\node_modules\\express\\lib\\router\\layer.js:95:5)"}
[info] >      at next (D:\Coding\Projets\React\react-boilerplate\functions\node_modules\express\lib\router\route.js:137:13) {"user":"    at next (D:\\Coding\\Projets\\React\\react-boilerplate\\functions\\node_modules\\express\\lib\\router\\route.js:137:13)"}
[info] >      at Route.dispatch (D:\Coding\Projets\React\react-boilerplate\functions\node_modules\express\lib\router\route.js:112:3) {"user":"    at Route.dispatch (D:\\Coding\\Projets\\React\\react-boilerplate\\functions\\node_modules\\express\\lib\\router\\route.js:112:3)"}
[info] >      at Layer.handle [as handle_request] (D:\Coding\Projets\React\react-boilerplate\functions\node_modules\express\lib\router\layer.js:95:5) {"user":"    at Layer.handle [as handle_request] (D:\\Coding\\Projets\\React\\react-boilerplate\\functions\\node_modules\\express\\lib\\router\\layer.js:95:5)"}
[info] >      at D:\Coding\Projets\React\react-boilerplate\functions\node_modules\express\lib\router\index.js:281:22 {"user":"    at D:\\Coding\\Projets\\React\\react-boilerplate\\functions\\node_modules\\express\\lib\\router\\index.js:281:22"}
[info] >      at Function.process_params (D:\Coding\Projets\React\react-boilerplate\functions\node_modules\express\lib\router\index.js:335:12) {"user":"    at Function.process_params (D:\\Coding\\Projets\\React\\react-boilerplate\\functions\\node_modules\\express\\lib\\router\\index.js:335:12)"}
[info] >      at next (D:\Coding\Projets\React\react-boilerplate\functions\node_modules\express\lib\router\index.js:275:10) {"user":"    at next (D:\\Coding\\Projets\\React\\react-boilerplate\\functions\\node_modules\\express\\lib\\router\\index.js:275:10)"}
[info] i  functions: Finished "api" in ~1s
[debug] [2020-05-15T01:44:24.440Z] [worker-api-92235c61-0f94-483f-9aaf-3bd114494431]: IDLE 
[debug] [2020-05-15T01:44:24.440Z] [work-queue] {"queueLength":0,"workRunningCount":0}
[debug] [2020-05-15T01:45:29.985Z] File D:\Coding\Projets\React\react-boilerplate\functions\index.js changed, reloading triggers 
[debug] [2020-05-15T01:45:30.986Z] [worker-pool] Shutting down IDLE worker (~diagnostic~) 
[debug] [2020-05-15T01:45:30.986Z] [worker-~diagnostic~-54d48197-982f-412f-a306-6a9b1c7ebf4b]: FINISHING 
[debug] [2020-05-15T01:45:30.986Z] [worker-pool] Shutting down IDLE worker (api) 
[debug] [2020-05-15T01:45:30.986Z] [worker-api-92235c61-0f94-483f-9aaf-3bd114494431]: FINISHING 
[debug] [2020-05-15T01:45:30.989Z] [worker-pool] addWorker(~diagnostic~) 
[debug] [2020-05-15T01:45:30.989Z] [worker-pool] Adding worker with key ~diagnostic~, total=2 
[debug] [2020-05-15T01:45:30.989Z] [worker-pool] submitWork(triggerId=) 
[debug] [2020-05-15T01:45:30.989Z] [worker-~diagnostic~-af4810f2-b0d1-403f-a241-8ad99633a841]: Assigning socketPath: \\?\pipe\D:\Coding\Projets\React\react-boilerplate\functions\12700 
[debug] [2020-05-15T01:45:30.989Z] [worker-~diagnostic~-af4810f2-b0d1-403f-a241-8ad99633a841]: BUSY 
[debug] [2020-05-15T01:45:30.993Z] [worker-~diagnostic~-54d48197-982f-412f-a306-6a9b1c7ebf4b]: exited 
[debug] [2020-05-15T01:45:30.993Z] [worker-~diagnostic~-54d48197-982f-412f-a306-6a9b1c7ebf4b]: FINISHED 
[debug] [2020-05-15T01:45:30.994Z] [worker-api-92235c61-0f94-483f-9aaf-3bd114494431]: exited 
[debug] [2020-05-15T01:45:30.994Z] [worker-api-92235c61-0f94-483f-9aaf-3bd114494431]: FINISHED 
[debug] [2020-05-15T01:45:31.448Z] [runtime-status] [12700] Functions runtime initialized. {"cwd":"D:\\Coding\\Projets\\React\\react-boilerplate\\functions","node_version":"10.16.3"} 
[debug] [2020-05-15T01:45:31.449Z] [runtime-status] [12700] Disabled runtime features: undefined 
[debug] [2020-05-15T01:45:31.453Z] [runtime-status] [12700] Resolved module firebase-admin {"declared":true,"installed":true,"version":"8.12.1","resolution":"D:\\Coding\\Projets\\React\\react-boilerplate\\functions\\node_modules\\firebase-admin\\lib\\index.js"} 
[debug] [2020-05-15T01:45:31.454Z] [runtime-status] [12700] Resolved module firebase-functions {"declared":true,"installed":true,"version":"3.6.1","resolution":"D:\\Coding\\Projets\\React\\react-boilerplate\\functions\\node_modules\\firebase-functions\\lib\\index.js"} 
[debug] [2020-05-15T01:45:31.458Z] [runtime-status] [12700] Outgoing network have been stubbed. [{"name":"http","status":"mocked"},{"name":"http","status":"mocked"},{"name":"https","status":"mocked"},{"name":"https","status":"mocked"},{"name":"net","status":"mocked"}] 
[debug] [2020-05-15T01:45:31.497Z] [runtime-status] [12700] Checked functions.config() {"config":{}} 
[debug] [2020-05-15T01:45:31.498Z] [runtime-status] [12700] Resolved module firebase-functions {"declared":true,"installed":true,"version":"3.6.1","resolution":"D:\\Coding\\Projets\\React\\react-boilerplate\\functions\\node_modules\\firebase-functions\\lib\\index.js"} 
[debug] [2020-05-15T01:45:31.498Z] [runtime-status] [12700] Resolved module firebase-admin {"declared":true,"installed":true,"version":"8.12.1","resolution":"D:\\Coding\\Projets\\React\\react-boilerplate\\functions\\node_modules\\firebase-admin\\lib\\index.js"} 
[debug] [2020-05-15T01:45:31.499Z] [runtime-status] [12700] Resolved module firebase-functions {"declared":true,"installed":true,"version":"3.6.1","resolution":"D:\\Coding\\Projets\\React\\react-boilerplate\\functions\\node_modules\\firebase-functions\\lib\\index.js"} 
[debug] [2020-05-15T01:45:31.499Z] [runtime-status] [12700] firebase-admin has been stubbed. {"adminResolution":{"declared":true,"installed":true,"version":"8.12.1","resolution":"D:\\Coding\\Projets\\React\\react-boilerplate\\functions\\node_modules\\firebase-admin\\lib\\index.js"}} 
[debug] [2020-05-15T01:45:31.759Z] [runtime-status] [12700] initializeApp(DEFAULT) {"databaseURL":"https://plateforme-ecole.firebaseio.com","storageBucket":"plateforme-ecole.appspot.com","projectId":"plateforme-ecole","apiKey":"AIzaSyBbYyawl0FOD8WLKF4E5diHIa6z_de8vSU","authDomain":"plateforme-ecole.firebaseapp.com","messagingSenderId":"342124815010","appId":"1:342124815010:web:489a11e6615916ac5b6dfb"} 
[debug] [2020-05-15T01:45:31.762Z] [worker-~diagnostic~-af4810f2-b0d1-403f-a241-8ad99633a841]: IDLE 
[debug] [2020-05-15T01:46:29.554Z] File D:\Coding\Projets\React\react-boilerplate\functions\index.js changed, reloading triggers 
[debug] [2020-05-15T01:46:30.555Z] [worker-pool] Shutting down IDLE worker (~diagnostic~) 
[debug] [2020-05-15T01:46:30.556Z] [worker-~diagnostic~-af4810f2-b0d1-403f-a241-8ad99633a841]: FINISHING 
[debug] [2020-05-15T01:46:30.556Z] [worker-pool] Cleaned up workers for ~diagnostic~: 2 --> 1 
[debug] [2020-05-15T01:46:30.556Z] [worker-pool] Cleaned up workers for api: 1 --> 0 
[debug] [2020-05-15T01:46:30.558Z] [worker-pool] addWorker(~diagnostic~) 
[debug] [2020-05-15T01:46:30.559Z] [worker-pool] Adding worker with key ~diagnostic~, total=2 
[debug] [2020-05-15T01:46:30.559Z] [worker-pool] submitWork(triggerId=) 
[debug] [2020-05-15T01:46:30.559Z] [worker-~diagnostic~-2221a04b-7bb5-4eac-a2ef-f55eed5f0e6b]: Assigning socketPath: \\?\pipe\D:\Coding\Projets\React\react-boilerplate\functions\17288 
[debug] [2020-05-15T01:46:30.559Z] [worker-~diagnostic~-2221a04b-7bb5-4eac-a2ef-f55eed5f0e6b]: BUSY 
[debug] [2020-05-15T01:46:30.562Z] [worker-~diagnostic~-af4810f2-b0d1-403f-a241-8ad99633a841]: exited 
[debug] [2020-05-15T01:46:30.563Z] [worker-~diagnostic~-af4810f2-b0d1-403f-a241-8ad99633a841]: FINISHED 
[debug] [2020-05-15T01:46:30.985Z] [runtime-status] [17288] Functions runtime initialized. {"cwd":"D:\\Coding\\Projets\\React\\react-boilerplate\\functions","node_version":"10.16.3"} 
[debug] [2020-05-15T01:46:30.986Z] [runtime-status] [17288] Disabled runtime features: undefined 
[debug] [2020-05-15T01:46:30.990Z] [runtime-status] [17288] Resolved module firebase-admin {"declared":true,"installed":true,"version":"8.12.1","resolution":"D:\\Coding\\Projets\\React\\react-boilerplate\\functions\\node_modules\\firebase-admin\\lib\\index.js"} 
[debug] [2020-05-15T01:46:30.991Z] [runtime-status] [17288] Resolved module firebase-functions {"declared":true,"installed":true,"version":"3.6.1","resolution":"D:\\Coding\\Projets\\React\\react-boilerplate\\functions\\node_modules\\firebase-functions\\lib\\index.js"} 
[debug] [2020-05-15T01:46:30.994Z] [runtime-status] [17288] Outgoing network have been stubbed. [{"name":"http","status":"mocked"},{"name":"http","status":"mocked"},{"name":"https","status":"mocked"},{"name":"https","status":"mocked"},{"name":"net","status":"mocked"}] 
[debug] [2020-05-15T01:46:31.036Z] [runtime-status] [17288] Checked functions.config() {"config":{}} 
[debug] [2020-05-15T01:46:31.037Z] [runtime-status] [17288] Resolved module firebase-functions {"declared":true,"installed":true,"version":"3.6.1","resolution":"D:\\Coding\\Projets\\React\\react-boilerplate\\functions\\node_modules\\firebase-functions\\lib\\index.js"} 
[debug] [2020-05-15T01:46:31.038Z] [runtime-status] [17288] Resolved module firebase-admin {"declared":true,"installed":true,"version":"8.12.1","resolution":"D:\\Coding\\Projets\\React\\react-boilerplate\\functions\\node_modules\\firebase-admin\\lib\\index.js"} 
[debug] [2020-05-15T01:46:31.038Z] [runtime-status] [17288] Resolved module firebase-functions {"declared":true,"installed":true,"version":"3.6.1","resolution":"D:\\Coding\\Projets\\React\\react-boilerplate\\functions\\node_modules\\firebase-functions\\lib\\index.js"} 
[debug] [2020-05-15T01:46:31.038Z] [runtime-status] [17288] firebase-admin has been stubbed. {"adminResolution":{"declared":true,"installed":true,"version":"8.12.1","resolution":"D:\\Coding\\Projets\\React\\react-boilerplate\\functions\\node_modules\\firebase-admin\\lib\\index.js"}} 
[warn] !  D:\Coding\Projets\React\react-boilerplate\functions\index.js:4
const admin = initializeApp();
      ^

SyntaxError: Identifier 'admin' has already been declared
    at Module._compile (internal/modules/cjs/loader.js:723:23)
    at Object.Module._extensions..js (internal/modules/cjs/loader.js:789:10)
    at Module.load (internal/modules/cjs/loader.js:653:32)
    at tryModuleLoad (internal/modules/cjs/loader.js:593:12)
    at Function.Module._load (internal/modules/cjs/loader.js:585:3)
    at Module.require (internal/modules/cjs/loader.js:692:17)
    at require (internal/modules/cjs/helpers.js:25:18)
    at C:\Users\Mahmoud\AppData\Roaming\npm\node_modules\firebase-tools\lib\emulator\functionsEmulatorRuntime.js:661:33
    at Generator.next (<anonymous>)
    at fulfilled (C:\Users\Mahmoud\AppData\Roaming\npm\node_modules\firebase-tools\lib\emulator\functionsEmulatorRuntime.js:5:58)
[warn] !  We were unable to load your functions code. (see above)
[debug] [2020-05-15T01:46:31.060Z] [worker-~diagnostic~-2221a04b-7bb5-4eac-a2ef-f55eed5f0e6b]: exited 
[debug] [2020-05-15T01:46:31.060Z] [worker-~diagnostic~-2221a04b-7bb5-4eac-a2ef-f55eed5f0e6b]: FINISHED 
[debug] [2020-05-15T01:46:31.919Z] File D:\Coding\Projets\React\react-boilerplate\functions\index.js changed, reloading triggers 
[debug] [2020-05-15T01:46:32.920Z] [worker-pool] Cleaned up workers for ~diagnostic~: 2 --> 0 
[debug] [2020-05-15T01:46:32.923Z] [worker-pool] addWorker(~diagnostic~) 
[debug] [2020-05-15T01:46:32.923Z] [worker-pool] Adding worker with key ~diagnostic~, total=1 
[debug] [2020-05-15T01:46:32.923Z] [worker-pool] submitWork(triggerId=) 
[debug] [2020-05-15T01:46:32.924Z] [worker-~diagnostic~-1211fd95-78dc-46c1-af5f-ef725c80d463]: Assigning socketPath: \\?\pipe\D:\Coding\Projets\React\react-boilerplate\functions\10796 
[debug] [2020-05-15T01:46:32.924Z] [worker-~diagnostic~-1211fd95-78dc-46c1-af5f-ef725c80d463]: BUSY 
[debug] [2020-05-15T01:46:33.491Z] [runtime-status] [10796] Functions runtime initialized. {"cwd":"D:\\Coding\\Projets\\React\\react-boilerplate\\functions","node_version":"10.16.3"} 
[debug] [2020-05-15T01:46:33.493Z] [runtime-status] [10796] Disabled runtime features: undefined 
[debug] [2020-05-15T01:46:33.501Z] [runtime-status] [10796] Resolved module firebase-admin {"declared":true,"installed":true,"version":"8.12.1","resolution":"D:\\Coding\\Projets\\React\\react-boilerplate\\functions\\node_modules\\firebase-admin\\lib\\index.js"} 
[debug] [2020-05-15T01:46:33.503Z] [runtime-status] [10796] Resolved module firebase-functions {"declared":true,"installed":true,"version":"3.6.1","resolution":"D:\\Coding\\Projets\\React\\react-boilerplate\\functions\\node_modules\\firebase-functions\\lib\\index.js"} 
[debug] [2020-05-15T01:46:33.511Z] [runtime-status] [10796] Outgoing network have been stubbed. [{"name":"http","status":"mocked"},{"name":"http","status":"mocked"},{"name":"https","status":"mocked"},{"name":"https","status":"mocked"},{"name":"net","status":"mocked"}] 
[debug] [2020-05-15T01:46:33.582Z] [runtime-status] [10796] Checked functions.config() {"config":{}} 
[debug] [2020-05-15T01:46:33.583Z] [runtime-status] [10796] Resolved module firebase-functions {"declared":true,"installed":true,"version":"3.6.1","resolution":"D:\\Coding\\Projets\\React\\react-boilerplate\\functions\\node_modules\\firebase-functions\\lib\\index.js"} 
[debug] [2020-05-15T01:46:33.583Z] [runtime-status] [10796] Resolved module firebase-admin {"declared":true,"installed":true,"version":"8.12.1","resolution":"D:\\Coding\\Projets\\React\\react-boilerplate\\functions\\node_modules\\firebase-admin\\lib\\index.js"} 
[debug] [2020-05-15T01:46:33.584Z] [runtime-status] [10796] Resolved module firebase-functions {"declared":true,"installed":true,"version":"3.6.1","resolution":"D:\\Coding\\Projets\\React\\react-boilerplate\\functions\\node_modules\\firebase-functions\\lib\\index.js"} 
[debug] [2020-05-15T01:46:33.584Z] [runtime-status] [10796] firebase-admin has been stubbed. {"adminResolution":{"declared":true,"installed":true,"version":"8.12.1","resolution":"D:\\Coding\\Projets\\React\\react-boilerplate\\functions\\node_modules\\firebase-admin\\lib\\index.js"}} 
[warn] !  D:\Coding\Projets\React\react-boilerplate\functions\index.js:4
const admin = initializeApp();
      ^

SyntaxError: Identifier 'admin' has already been declared
    at Module._compile (internal/modules/cjs/loader.js:723:23)
    at Object.Module._extensions..js (internal/modules/cjs/loader.js:789:10)
    at Module.load (internal/modules/cjs/loader.js:653:32)
    at tryModuleLoad (internal/modules/cjs/loader.js:593:12)
    at Function.Module._load (internal/modules/cjs/loader.js:585:3)
    at Module.require (internal/modules/cjs/loader.js:692:17)
    at require (internal/modules/cjs/helpers.js:25:18)
    at C:\Users\Mahmoud\AppData\Roaming\npm\node_modules\firebase-tools\lib\emulator\functionsEmulatorRuntime.js:661:33
    at Generator.next (<anonymous>)
    at fulfilled (C:\Users\Mahmoud\AppData\Roaming\npm\node_modules\firebase-tools\lib\emulator\functionsEmulatorRuntime.js:5:58)
[warn] !  We were unable to load your functions code. (see above)
[debug] [2020-05-15T01:46:33.611Z] [worker-~diagnostic~-1211fd95-78dc-46c1-af5f-ef725c80d463]: exited 
[debug] [2020-05-15T01:46:33.611Z] [worker-~diagnostic~-1211fd95-78dc-46c1-af5f-ef725c80d463]: FINISHED 
[debug] [2020-05-15T01:46:52.624Z] File D:\Coding\Projets\React\react-boilerplate\functions\index.js changed, reloading triggers 
[debug] [2020-05-15T01:46:53.624Z] [worker-pool] Cleaned up workers for ~diagnostic~: 1 --> 0 
[debug] [2020-05-15T01:46:53.627Z] [worker-pool] addWorker(~diagnostic~) 
[debug] [2020-05-15T01:46:53.627Z] [worker-pool] Adding worker with key ~diagnostic~, total=1 
[debug] [2020-05-15T01:46:53.627Z] [worker-pool] submitWork(triggerId=) 
[debug] [2020-05-15T01:46:53.627Z] [worker-~diagnostic~-89272260-0be6-4e07-a992-4e9b1a2f56e4]: Assigning socketPath: \\?\pipe\D:\Coding\Projets\React\react-boilerplate\functions\11712 
[debug] [2020-05-15T01:46:53.627Z] [worker-~diagnostic~-89272260-0be6-4e07-a992-4e9b1a2f56e4]: BUSY 
[debug] [2020-05-15T01:46:54.086Z] [runtime-status] [11712] Functions runtime initialized. {"cwd":"D:\\Coding\\Projets\\React\\react-boilerplate\\functions","node_version":"10.16.3"} 
[debug] [2020-05-15T01:46:54.089Z] [runtime-status] [11712] Disabled runtime features: undefined 
[debug] [2020-05-15T01:46:54.091Z] [runtime-status] [11712] Resolved module firebase-admin {"declared":true,"installed":true,"version":"8.12.1","resolution":"D:\\Coding\\Projets\\React\\react-boilerplate\\functions\\node_modules\\firebase-admin\\lib\\index.js"} 
[debug] [2020-05-15T01:46:54.092Z] [runtime-status] [11712] Resolved module firebase-functions {"declared":true,"installed":true,"version":"3.6.1","resolution":"D:\\Coding\\Projets\\React\\react-boilerplate\\functions\\node_modules\\firebase-functions\\lib\\index.js"} 
[debug] [2020-05-15T01:46:54.096Z] [runtime-status] [11712] Outgoing network have been stubbed. [{"name":"http","status":"mocked"},{"name":"http","status":"mocked"},{"name":"https","status":"mocked"},{"name":"https","status":"mocked"},{"name":"net","status":"mocked"}] 
[debug] [2020-05-15T01:46:54.140Z] [runtime-status] [11712] Checked functions.config() {"config":{}} 
[debug] [2020-05-15T01:46:54.140Z] [runtime-status] [11712] Resolved module firebase-functions {"declared":true,"installed":true,"version":"3.6.1","resolution":"D:\\Coding\\Projets\\React\\react-boilerplate\\functions\\node_modules\\firebase-functions\\lib\\index.js"} 
[debug] [2020-05-15T01:46:54.141Z] [runtime-status] [11712] Resolved module firebase-admin {"declared":true,"installed":true,"version":"8.12.1","resolution":"D:\\Coding\\Projets\\React\\react-boilerplate\\functions\\node_modules\\firebase-admin\\lib\\index.js"} 
[debug] [2020-05-15T01:46:54.142Z] [runtime-status] [11712] Resolved module firebase-functions {"declared":true,"installed":true,"version":"3.6.1","resolution":"D:\\Coding\\Projets\\React\\react-boilerplate\\functions\\node_modules\\firebase-functions\\lib\\index.js"} 
[debug] [2020-05-15T01:46:54.142Z] [runtime-status] [11712] firebase-admin has been stubbed. {"adminResolution":{"declared":true,"installed":true,"version":"8.12.1","resolution":"D:\\Coding\\Projets\\React\\react-boilerplate\\functions\\node_modules\\firebase-admin\\lib\\index.js"}} 
[debug] [2020-05-15T01:46:54.144Z] [runtime-status] [11712] initializeApp(DEFAULT) {"databaseURL":"https://plateforme-ecole.firebaseio.com","storageBucket":"plateforme-ecole.appspot.com","projectId":"plateforme-ecole"} 
[warn] !  Error: The default Firebase app already exists. This means you called initializeApp() more than once without providing an app name as the second argument. In most cases you only need to call initializeApp() once. But if you do want to initialize multiple apps, pass a second argument to initializeApp() to give each app a unique name.
    at FirebaseAppError.FirebaseError [as constructor] (D:\Coding\Projets\React\react-boilerplate\functions\node_modules\firebase-admin\lib\utils\error.js:42:28)
    at FirebaseAppError.PrefixedFirebaseError [as constructor] (D:\Coding\Projets\React\react-boilerplate\functions\node_modules\firebase-admin\lib\utils\error.js:88:28)
    at new FirebaseAppError (D:\Coding\Projets\React\react-boilerplate\functions\node_modules\firebase-admin\lib\utils\error.js:123:28)
    at FirebaseNamespaceInternals.initializeApp (D:\Coding\Projets\React\react-boilerplate\functions\node_modules\firebase-admin\lib\firebase-namespace.js:68:23)
    at FirebaseNamespace.initializeApp (D:\Coding\Projets\React\react-boilerplate\functions\node_modules\firebase-admin\lib\firebase-namespace.js:442:30)
    at Proxy.<anonymous> (C:\Users\Mahmoud\AppData\Roaming\npm\node_modules\firebase-tools\lib\emulator\functionsEmulatorRuntime.js:315:72)
    at Object.<anonymous> (D:\Coding\Projets\React\react-boilerplate\functions\index.js:21:7)
    at Module._compile (internal/modules/cjs/loader.js:778:30)
    at Object.Module._extensions..js (internal/modules/cjs/loader.js:789:10)
    at Module.load (internal/modules/cjs/loader.js:653:32)
[warn] !  We were unable to load your functions code. (see above)
[debug] [2020-05-15T01:46:54.475Z] [worker-~diagnostic~-89272260-0be6-4e07-a992-4e9b1a2f56e4]: exited 
[debug] [2020-05-15T01:46:54.475Z] [worker-~diagnostic~-89272260-0be6-4e07-a992-4e9b1a2f56e4]: FINISHED 
[debug] [2020-05-15T01:48:39.548Z] File D:\Coding\Projets\React\react-boilerplate\functions\index.js changed, reloading triggers 
[debug] [2020-05-15T01:48:40.550Z] [worker-pool] Cleaned up workers for ~diagnostic~: 1 --> 0 
[debug] [2020-05-15T01:48:40.553Z] [worker-pool] addWorker(~diagnostic~) 
[debug] [2020-05-15T01:48:40.553Z] [worker-pool] Adding worker with key ~diagnostic~, total=1 
[debug] [2020-05-15T01:48:40.554Z] [worker-pool] submitWork(triggerId=) 
[debug] [2020-05-15T01:48:40.554Z] [worker-~diagnostic~-afb4cc44-687f-4d27-813a-0f08b972ff6a]: Assigning socketPath: \\?\pipe\D:\Coding\Projets\React\react-boilerplate\functions\8984 
[debug] [2020-05-15T01:48:40.554Z] [worker-~diagnostic~-afb4cc44-687f-4d27-813a-0f08b972ff6a]: BUSY 
[debug] [2020-05-15T01:48:41.001Z] [runtime-status] [8984] Functions runtime initialized. {"cwd":"D:\\Coding\\Projets\\React\\react-boilerplate\\functions","node_version":"10.16.3"} 
[debug] [2020-05-15T01:48:41.003Z] [runtime-status] [8984] Disabled runtime features: undefined 
[debug] [2020-05-15T01:48:41.005Z] [runtime-status] [8984] Resolved module firebase-admin {"declared":true,"installed":true,"version":"8.12.1","resolution":"D:\\Coding\\Projets\\React\\react-boilerplate\\functions\\node_modules\\firebase-admin\\lib\\index.js"} 
[debug] [2020-05-15T01:48:41.007Z] [runtime-status] [8984] Resolved module firebase-functions {"declared":true,"installed":true,"version":"3.6.1","resolution":"D:\\Coding\\Projets\\React\\react-boilerplate\\functions\\node_modules\\firebase-functions\\lib\\index.js"} 
[debug] [2020-05-15T01:48:41.011Z] [runtime-status] [8984] Outgoing network have been stubbed. [{"name":"http","status":"mocked"},{"name":"http","status":"mocked"},{"name":"https","status":"mocked"},{"name":"https","status":"mocked"},{"name":"net","status":"mocked"}] 
[debug] [2020-05-15T01:48:41.049Z] [runtime-status] [8984] Checked functions.config() {"config":{}} 
[debug] [2020-05-15T01:48:41.050Z] [runtime-status] [8984] Resolved module firebase-functions {"declared":true,"installed":true,"version":"3.6.1","resolution":"D:\\Coding\\Projets\\React\\react-boilerplate\\functions\\node_modules\\firebase-functions\\lib\\index.js"} 
[debug] [2020-05-15T01:48:41.050Z] [runtime-status] [8984] Resolved module firebase-admin {"declared":true,"installed":true,"version":"8.12.1","resolution":"D:\\Coding\\Projets\\React\\react-boilerplate\\functions\\node_modules\\firebase-admin\\lib\\index.js"} 
[debug] [2020-05-15T01:48:41.051Z] [runtime-status] [8984] Resolved module firebase-functions {"declared":true,"installed":true,"version":"3.6.1","resolution":"D:\\Coding\\Projets\\React\\react-boilerplate\\functions\\node_modules\\firebase-functions\\lib\\index.js"} 
[debug] [2020-05-15T01:48:41.051Z] [runtime-status] [8984] firebase-admin has been stubbed. {"adminResolution":{"declared":true,"installed":true,"version":"8.12.1","resolution":"D:\\Coding\\Projets\\React\\react-boilerplate\\functions\\node_modules\\firebase-admin\\lib\\index.js"}} 
[debug] [2020-05-15T01:48:41.053Z] [runtime-status] [8984] initializeApp(DEFAULT) {"databaseURL":"https://plateforme-ecole.firebaseio.com","storageBucket":"plateforme-ecole.appspot.com","projectId":"plateforme-ecole"} 
[warn] !  Error: The default Firebase app already exists. This means you called initializeApp() more than once without providing an app name as the second argument. In most cases you only need to call initializeApp() once. But if you do want to initialize multiple apps, pass a second argument to initializeApp() to give each app a unique name.
    at FirebaseAppError.FirebaseError [as constructor] (D:\Coding\Projets\React\react-boilerplate\functions\node_modules\firebase-admin\lib\utils\error.js:42:28)
    at FirebaseAppError.PrefixedFirebaseError [as constructor] (D:\Coding\Projets\React\react-boilerplate\functions\node_modules\firebase-admin\lib\utils\error.js:88:28)
    at new FirebaseAppError (D:\Coding\Projets\React\react-boilerplate\functions\node_modules\firebase-admin\lib\utils\error.js:123:28)
    at FirebaseNamespaceInternals.initializeApp (D:\Coding\Projets\React\react-boilerplate\functions\node_modules\firebase-admin\lib\firebase-namespace.js:68:23)
    at FirebaseNamespace.initializeApp (D:\Coding\Projets\React\react-boilerplate\functions\node_modules\firebase-admin\lib\firebase-namespace.js:442:30)
    at Proxy.<anonymous> (C:\Users\Mahmoud\AppData\Roaming\npm\node_modules\firebase-tools\lib\emulator\functionsEmulatorRuntime.js:315:72)
    at Object.<anonymous> (D:\Coding\Projets\React\react-boilerplate\functions\index.js:21:7)
    at Module._compile (internal/modules/cjs/loader.js:778:30)
    at Object.Module._extensions..js (internal/modules/cjs/loader.js:789:10)
    at Module.load (internal/modules/cjs/loader.js:653:32)
[warn] !  We were unable to load your functions code. (see above)
[debug] [2020-05-15T01:48:41.349Z] [worker-~diagnostic~-afb4cc44-687f-4d27-813a-0f08b972ff6a]: exited 
[debug] [2020-05-15T01:48:41.349Z] [worker-~diagnostic~-afb4cc44-687f-4d27-813a-0f08b972ff6a]: FINISHED 
[debug] [2020-05-15T01:48:54.397Z] File D:\Coding\Projets\React\react-boilerplate\functions\index.js changed, reloading triggers 
[debug] [2020-05-15T01:48:55.398Z] [worker-pool] Cleaned up workers for ~diagnostic~: 1 --> 0 
[debug] [2020-05-15T01:48:55.400Z] [worker-pool] addWorker(~diagnostic~) 
[debug] [2020-05-15T01:48:55.400Z] [worker-pool] Adding worker with key ~diagnostic~, total=1 
[debug] [2020-05-15T01:48:55.400Z] [worker-pool] submitWork(triggerId=) 
[debug] [2020-05-15T01:48:55.401Z] [worker-~diagnostic~-ea3f97df-9c0e-4435-bce6-f0d6a02598f9]: Assigning socketPath: \\?\pipe\D:\Coding\Projets\React\react-boilerplate\functions\14600 
[debug] [2020-05-15T01:48:55.401Z] [worker-~diagnostic~-ea3f97df-9c0e-4435-bce6-f0d6a02598f9]: BUSY 
[debug] [2020-05-15T01:48:55.820Z] [runtime-status] [14600] Functions runtime initialized. {"cwd":"D:\\Coding\\Projets\\React\\react-boilerplate\\functions","node_version":"10.16.3"} 
[debug] [2020-05-15T01:48:55.821Z] [runtime-status] [14600] Disabled runtime features: undefined 
[debug] [2020-05-15T01:48:55.824Z] [runtime-status] [14600] Resolved module firebase-admin {"declared":true,"installed":true,"version":"8.12.1","resolution":"D:\\Coding\\Projets\\React\\react-boilerplate\\functions\\node_modules\\firebase-admin\\lib\\index.js"} 
[debug] [2020-05-15T01:48:55.825Z] [runtime-status] [14600] Resolved module firebase-functions {"declared":true,"installed":true,"version":"3.6.1","resolution":"D:\\Coding\\Projets\\React\\react-boilerplate\\functions\\node_modules\\firebase-functions\\lib\\index.js"} 
[debug] [2020-05-15T01:48:55.829Z] [runtime-status] [14600] Outgoing network have been stubbed. [{"name":"http","status":"mocked"},{"name":"http","status":"mocked"},{"name":"https","status":"mocked"},{"name":"https","status":"mocked"},{"name":"net","status":"mocked"}] 
[debug] [2020-05-15T01:48:55.868Z] [runtime-status] [14600] Checked functions.config() {"config":{}} 
[debug] [2020-05-15T01:48:55.869Z] [runtime-status] [14600] Resolved module firebase-functions {"declared":true,"installed":true,"version":"3.6.1","resolution":"D:\\Coding\\Projets\\React\\react-boilerplate\\functions\\node_modules\\firebase-functions\\lib\\index.js"} 
[debug] [2020-05-15T01:48:55.870Z] [runtime-status] [14600] Resolved module firebase-admin {"declared":true,"installed":true,"version":"8.12.1","resolution":"D:\\Coding\\Projets\\React\\react-boilerplate\\functions\\node_modules\\firebase-admin\\lib\\index.js"} 
[debug] [2020-05-15T01:48:55.870Z] [runtime-status] [14600] Resolved module firebase-functions {"declared":true,"installed":true,"version":"3.6.1","resolution":"D:\\Coding\\Projets\\React\\react-boilerplate\\functions\\node_modules\\firebase-functions\\lib\\index.js"} 
[debug] [2020-05-15T01:48:55.870Z] [runtime-status] [14600] firebase-admin has been stubbed. {"adminResolution":{"declared":true,"installed":true,"version":"8.12.1","resolution":"D:\\Coding\\Projets\\React\\react-boilerplate\\functions\\node_modules\\firebase-admin\\lib\\index.js"}} 
[debug] [2020-05-15T01:48:55.872Z] [runtime-status] [14600] initializeApp(DEFAULT) {"databaseURL":"https://plateforme-ecole.firebaseio.com","storageBucket":"plateforme-ecole.appspot.com","projectId":"plateforme-ecole"} 
[debug] [2020-05-15T01:48:56.145Z] [worker-~diagnostic~-ea3f97df-9c0e-4435-bce6-f0d6a02598f9]: IDLE 
[debug] [2020-05-15T01:48:57.791Z] File D:\Coding\Projets\React\react-boilerplate\functions\index.js changed, reloading triggers 
[debug] [2020-05-15T01:48:58.791Z] [worker-pool] Shutting down IDLE worker (~diagnostic~) 
[debug] [2020-05-15T01:48:58.791Z] [worker-~diagnostic~-ea3f97df-9c0e-4435-bce6-f0d6a02598f9]: FINISHING 
[debug] [2020-05-15T01:48:58.794Z] [worker-pool] addWorker(~diagnostic~) 
[debug] [2020-05-15T01:48:58.794Z] [worker-pool] Adding worker with key ~diagnostic~, total=2 
[debug] [2020-05-15T01:48:58.794Z] [worker-pool] submitWork(triggerId=) 
[debug] [2020-05-15T01:48:58.794Z] [worker-~diagnostic~-73600e22-3ead-4448-a3f8-568605b75912]: Assigning socketPath: \\?\pipe\D:\Coding\Projets\React\react-boilerplate\functions\14956 
[debug] [2020-05-15T01:48:58.794Z] [worker-~diagnostic~-73600e22-3ead-4448-a3f8-568605b75912]: BUSY 
[debug] [2020-05-15T01:48:58.801Z] [worker-~diagnostic~-ea3f97df-9c0e-4435-bce6-f0d6a02598f9]: exited 
[debug] [2020-05-15T01:48:58.802Z] [worker-~diagnostic~-ea3f97df-9c0e-4435-bce6-f0d6a02598f9]: FINISHED 
[debug] [2020-05-15T01:48:59.293Z] [runtime-status] [14956] Functions runtime initialized. {"cwd":"D:\\Coding\\Projets\\React\\react-boilerplate\\functions","node_version":"10.16.3"} 
[debug] [2020-05-15T01:48:59.295Z] [runtime-status] [14956] Disabled runtime features: undefined 
[debug] [2020-05-15T01:48:59.298Z] [runtime-status] [14956] Resolved module firebase-admin {"declared":true,"installed":true,"version":"8.12.1","resolution":"D:\\Coding\\Projets\\React\\react-boilerplate\\functions\\node_modules\\firebase-admin\\lib\\index.js"} 
[debug] [2020-05-15T01:48:59.299Z] [runtime-status] [14956] Resolved module firebase-functions {"declared":true,"installed":true,"version":"3.6.1","resolution":"D:\\Coding\\Projets\\React\\react-boilerplate\\functions\\node_modules\\firebase-functions\\lib\\index.js"} 
[debug] [2020-05-15T01:48:59.303Z] [runtime-status] [14956] Outgoing network have been stubbed. [{"name":"http","status":"mocked"},{"name":"http","status":"mocked"},{"name":"https","status":"mocked"},{"name":"https","status":"mocked"},{"name":"net","status":"mocked"}] 
[debug] [2020-05-15T01:48:59.345Z] [runtime-status] [14956] Checked functions.config() {"config":{}} 
[debug] [2020-05-15T01:48:59.346Z] [runtime-status] [14956] Resolved module firebase-functions {"declared":true,"installed":true,"version":"3.6.1","resolution":"D:\\Coding\\Projets\\React\\react-boilerplate\\functions\\node_modules\\firebase-functions\\lib\\index.js"} 
[debug] [2020-05-15T01:48:59.346Z] [runtime-status] [14956] Resolved module firebase-admin {"declared":true,"installed":true,"version":"8.12.1","resolution":"D:\\Coding\\Projets\\React\\react-boilerplate\\functions\\node_modules\\firebase-admin\\lib\\index.js"} 
[debug] [2020-05-15T01:48:59.347Z] [runtime-status] [14956] Resolved module firebase-functions {"declared":true,"installed":true,"version":"3.6.1","resolution":"D:\\Coding\\Projets\\React\\react-boilerplate\\functions\\node_modules\\firebase-functions\\lib\\index.js"} 
[debug] [2020-05-15T01:48:59.347Z] [runtime-status] [14956] firebase-admin has been stubbed. {"adminResolution":{"declared":true,"installed":true,"version":"8.12.1","resolution":"D:\\Coding\\Projets\\React\\react-boilerplate\\functions\\node_modules\\firebase-admin\\lib\\index.js"}} 
[debug] [2020-05-15T01:48:59.349Z] [runtime-status] [14956] initializeApp(DEFAULT) {"databaseURL":"https://plateforme-ecole.firebaseio.com","storageBucket":"plateforme-ecole.appspot.com","projectId":"plateforme-ecole"} 
[debug] [2020-05-15T01:48:59.635Z] [worker-~diagnostic~-73600e22-3ead-4448-a3f8-568605b75912]: IDLE 
[debug] [2020-05-15T01:49:10.139Z] File D:\Coding\Projets\React\react-boilerplate\functions\index.js changed, reloading triggers 
[debug] [2020-05-15T01:49:11.139Z] [worker-pool] Shutting down IDLE worker (~diagnostic~) 
[debug] [2020-05-15T01:49:11.139Z] [worker-~diagnostic~-73600e22-3ead-4448-a3f8-568605b75912]: FINISHING 
[debug] [2020-05-15T01:49:11.139Z] [worker-pool] Cleaned up workers for ~diagnostic~: 2 --> 1 
[debug] [2020-05-15T01:49:11.142Z] [worker-pool] addWorker(~diagnostic~) 
[debug] [2020-05-15T01:49:11.142Z] [worker-pool] Adding worker with key ~diagnostic~, total=2 
[debug] [2020-05-15T01:49:11.142Z] [worker-pool] submitWork(triggerId=) 
[debug] [2020-05-15T01:49:11.143Z] [worker-~diagnostic~-1b965423-2204-4d93-ad00-f118c39caec7]: Assigning socketPath: \\?\pipe\D:\Coding\Projets\React\react-boilerplate\functions\16076 
[debug] [2020-05-15T01:49:11.143Z] [worker-~diagnostic~-1b965423-2204-4d93-ad00-f118c39caec7]: BUSY 
[debug] [2020-05-15T01:49:11.148Z] [worker-~diagnostic~-73600e22-3ead-4448-a3f8-568605b75912]: exited 
[debug] [2020-05-15T01:49:11.149Z] [worker-~diagnostic~-73600e22-3ead-4448-a3f8-568605b75912]: FINISHED 
[debug] [2020-05-15T01:49:11.580Z] [runtime-status] [16076] Functions runtime initialized. {"cwd":"D:\\Coding\\Projets\\React\\react-boilerplate\\functions","node_version":"10.16.3"} 
[debug] [2020-05-15T01:49:11.581Z] [runtime-status] [16076] Disabled runtime features: undefined 
[debug] [2020-05-15T01:49:11.584Z] [runtime-status] [16076] Resolved module firebase-admin {"declared":true,"installed":true,"version":"8.12.1","resolution":"D:\\Coding\\Projets\\React\\react-boilerplate\\functions\\node_modules\\firebase-admin\\lib\\index.js"} 
[debug] [2020-05-15T01:49:11.585Z] [runtime-status] [16076] Resolved module firebase-functions {"declared":true,"installed":true,"version":"3.6.1","resolution":"D:\\Coding\\Projets\\React\\react-boilerplate\\functions\\node_modules\\firebase-functions\\lib\\index.js"} 
[debug] [2020-05-15T01:49:11.589Z] [runtime-status] [16076] Outgoing network have been stubbed. [{"name":"http","status":"mocked"},{"name":"http","status":"mocked"},{"name":"https","status":"mocked"},{"name":"https","status":"mocked"},{"name":"net","status":"mocked"}] 
[debug] [2020-05-15T01:49:11.628Z] [runtime-status] [16076] Checked functions.config() {"config":{}} 
[debug] [2020-05-15T01:49:11.631Z] [runtime-status] [16076] Resolved module firebase-functions {"declared":true,"installed":true,"version":"3.6.1","resolution":"D:\\Coding\\Projets\\React\\react-boilerplate\\functions\\node_modules\\firebase-functions\\lib\\index.js"} 
[debug] [2020-05-15T01:49:11.631Z] [runtime-status] [16076] Resolved module firebase-admin {"declared":true,"installed":true,"version":"8.12.1","resolution":"D:\\Coding\\Projets\\React\\react-boilerplate\\functions\\node_modules\\firebase-admin\\lib\\index.js"} 
[debug] [2020-05-15T01:49:11.631Z] [runtime-status] [16076] Resolved module firebase-functions {"declared":true,"installed":true,"version":"3.6.1","resolution":"D:\\Coding\\Projets\\React\\react-boilerplate\\functions\\node_modules\\firebase-functions\\lib\\index.js"} 
[debug] [2020-05-15T01:49:11.632Z] [runtime-status] [16076] firebase-admin has been stubbed. {"adminResolution":{"declared":true,"installed":true,"version":"8.12.1","resolution":"D:\\Coding\\Projets\\React\\react-boilerplate\\functions\\node_modules\\firebase-admin\\lib\\index.js"}} 
[warn] !  D:\Coding\Projets\React\react-boilerplate\functions\index.js:16
const app = express();
      ^

SyntaxError: Identifier 'app' has already been declared
    at Module._compile (internal/modules/cjs/loader.js:723:23)
    at Object.Module._extensions..js (internal/modules/cjs/loader.js:789:10)
    at Module.load (internal/modules/cjs/loader.js:653:32)
    at tryModuleLoad (internal/modules/cjs/loader.js:593:12)
    at Function.Module._load (internal/modules/cjs/loader.js:585:3)
    at Module.require (internal/modules/cjs/loader.js:692:17)
    at require (internal/modules/cjs/helpers.js:25:18)
    at C:\Users\Mahmoud\AppData\Roaming\npm\node_modules\firebase-tools\lib\emulator\functionsEmulatorRuntime.js:661:33
    at Generator.next (<anonymous>)
    at fulfilled (C:\Users\Mahmoud\AppData\Roaming\npm\node_modules\firebase-tools\lib\emulator\functionsEmulatorRuntime.js:5:58)
[warn] !  We were unable to load your functions code. (see above)
[debug] [2020-05-15T01:49:11.655Z] [worker-~diagnostic~-1b965423-2204-4d93-ad00-f118c39caec7]: exited 
[debug] [2020-05-15T01:49:11.656Z] [worker-~diagnostic~-1b965423-2204-4d93-ad00-f118c39caec7]: FINISHED 
[debug] [2020-05-15T01:49:32.083Z] File D:\Coding\Projets\React\react-boilerplate\functions\index.js changed, reloading triggers 
[debug] [2020-05-15T01:49:33.083Z] [worker-pool] Cleaned up workers for ~diagnostic~: 2 --> 0 
[debug] [2020-05-15T01:49:33.086Z] [worker-pool] addWorker(~diagnostic~) 
[debug] [2020-05-15T01:49:33.086Z] [worker-pool] Adding worker with key ~diagnostic~, total=1 
[debug] [2020-05-15T01:49:33.086Z] [worker-pool] submitWork(triggerId=) 
[debug] [2020-05-15T01:49:33.086Z] [worker-~diagnostic~-6228dc03-3195-4820-817b-93662700505b]: Assigning socketPath: \\?\pipe\D:\Coding\Projets\React\react-boilerplate\functions\14640 
[debug] [2020-05-15T01:49:33.086Z] [worker-~diagnostic~-6228dc03-3195-4820-817b-93662700505b]: BUSY 
[debug] [2020-05-15T01:49:33.552Z] [runtime-status] [14640] Functions runtime initialized. {"cwd":"D:\\Coding\\Projets\\React\\react-boilerplate\\functions","node_version":"10.16.3"} 
[debug] [2020-05-15T01:49:33.554Z] [runtime-status] [14640] Disabled runtime features: undefined 
[debug] [2020-05-15T01:49:33.557Z] [runtime-status] [14640] Resolved module firebase-admin {"declared":true,"installed":true,"version":"8.12.1","resolution":"D:\\Coding\\Projets\\React\\react-boilerplate\\functions\\node_modules\\firebase-admin\\lib\\index.js"} 
[debug] [2020-05-15T01:49:33.558Z] [runtime-status] [14640] Resolved module firebase-functions {"declared":true,"installed":true,"version":"3.6.1","resolution":"D:\\Coding\\Projets\\React\\react-boilerplate\\functions\\node_modules\\firebase-functions\\lib\\index.js"} 
[debug] [2020-05-15T01:49:33.562Z] [runtime-status] [14640] Outgoing network have been stubbed. [{"name":"http","status":"mocked"},{"name":"http","status":"mocked"},{"name":"https","status":"mocked"},{"name":"https","status":"mocked"},{"name":"net","status":"mocked"}] 
[debug] [2020-05-15T01:49:33.608Z] [runtime-status] [14640] Checked functions.config() {"config":{}} 
[debug] [2020-05-15T01:49:33.608Z] [runtime-status] [14640] Resolved module firebase-functions {"declared":true,"installed":true,"version":"3.6.1","resolution":"D:\\Coding\\Projets\\React\\react-boilerplate\\functions\\node_modules\\firebase-functions\\lib\\index.js"} 
[debug] [2020-05-15T01:49:33.610Z] [runtime-status] [14640] Resolved module firebase-admin {"declared":true,"installed":true,"version":"8.12.1","resolution":"D:\\Coding\\Projets\\React\\react-boilerplate\\functions\\node_modules\\firebase-admin\\lib\\index.js"} 
[debug] [2020-05-15T01:49:33.611Z] [runtime-status] [14640] Resolved module firebase-functions {"declared":true,"installed":true,"version":"3.6.1","resolution":"D:\\Coding\\Projets\\React\\react-boilerplate\\functions\\node_modules\\firebase-functions\\lib\\index.js"} 
[debug] [2020-05-15T01:49:33.611Z] [runtime-status] [14640] firebase-admin has been stubbed. {"adminResolution":{"declared":true,"installed":true,"version":"8.12.1","resolution":"D:\\Coding\\Projets\\React\\react-boilerplate\\functions\\node_modules\\firebase-admin\\lib\\index.js"}} 
[warn] !  D:\Coding\Projets\React\react-boilerplate\functions\index.js:16
const app = require('express');
      ^

SyntaxError: Identifier 'app' has already been declared
    at Module._compile (internal/modules/cjs/loader.js:723:23)
    at Object.Module._extensions..js (internal/modules/cjs/loader.js:789:10)
    at Module.load (internal/modules/cjs/loader.js:653:32)
    at tryModuleLoad (internal/modules/cjs/loader.js:593:12)
    at Function.Module._load (internal/modules/cjs/loader.js:585:3)
    at Module.require (internal/modules/cjs/loader.js:692:17)
    at require (internal/modules/cjs/helpers.js:25:18)
    at C:\Users\Mahmoud\AppData\Roaming\npm\node_modules\firebase-tools\lib\emulator\functionsEmulatorRuntime.js:661:33
    at Generator.next (<anonymous>)
    at fulfilled (C:\Users\Mahmoud\AppData\Roaming\npm\node_modules\firebase-tools\lib\emulator\functionsEmulatorRuntime.js:5:58)
[warn] !  We were unable to load your functions code. (see above)
[debug] [2020-05-15T01:49:33.632Z] [worker-~diagnostic~-6228dc03-3195-4820-817b-93662700505b]: exited 
[debug] [2020-05-15T01:49:33.632Z] [worker-~diagnostic~-6228dc03-3195-4820-817b-93662700505b]: FINISHED 
[debug] [2020-05-15T01:49:36.597Z] File D:\Coding\Projets\React\react-boilerplate\functions\index.js changed, reloading triggers 
[debug] [2020-05-15T01:49:37.599Z] [worker-pool] Cleaned up workers for ~diagnostic~: 1 --> 0 
[debug] [2020-05-15T01:49:37.602Z] [worker-pool] addWorker(~diagnostic~) 
[debug] [2020-05-15T01:49:37.602Z] [worker-pool] Adding worker with key ~diagnostic~, total=1 
[debug] [2020-05-15T01:49:37.602Z] [worker-pool] submitWork(triggerId=) 
[debug] [2020-05-15T01:49:37.602Z] [worker-~diagnostic~-c4b7aaf0-34f7-44b5-a38e-71ee0aa31606]: Assigning socketPath: \\?\pipe\D:\Coding\Projets\React\react-boilerplate\functions\20256 
[debug] [2020-05-15T01:49:37.603Z] [worker-~diagnostic~-c4b7aaf0-34f7-44b5-a38e-71ee0aa31606]: BUSY 
[debug] [2020-05-15T01:49:38.007Z] [runtime-status] [20256] Functions runtime initialized. {"cwd":"D:\\Coding\\Projets\\React\\react-boilerplate\\functions","node_version":"10.16.3"} 
[debug] [2020-05-15T01:49:38.009Z] [runtime-status] [20256] Disabled runtime features: undefined 
[debug] [2020-05-15T01:49:38.012Z] [runtime-status] [20256] Resolved module firebase-admin {"declared":true,"installed":true,"version":"8.12.1","resolution":"D:\\Coding\\Projets\\React\\react-boilerplate\\functions\\node_modules\\firebase-admin\\lib\\index.js"} 
[debug] [2020-05-15T01:49:38.014Z] [runtime-status] [20256] Resolved module firebase-functions {"declared":true,"installed":true,"version":"3.6.1","resolution":"D:\\Coding\\Projets\\React\\react-boilerplate\\functions\\node_modules\\firebase-functions\\lib\\index.js"} 
[debug] [2020-05-15T01:49:38.020Z] [runtime-status] [20256] Outgoing network have been stubbed. [{"name":"http","status":"mocked"},{"name":"http","status":"mocked"},{"name":"https","status":"mocked"},{"name":"https","status":"mocked"},{"name":"net","status":"mocked"}] 
[debug] [2020-05-15T01:49:38.070Z] [runtime-status] [20256] Checked functions.config() {"config":{}} 
[debug] [2020-05-15T01:49:38.071Z] [runtime-status] [20256] Resolved module firebase-functions {"declared":true,"installed":true,"version":"3.6.1","resolution":"D:\\Coding\\Projets\\React\\react-boilerplate\\functions\\node_modules\\firebase-functions\\lib\\index.js"} 
[debug] [2020-05-15T01:49:38.072Z] [runtime-status] [20256] Resolved module firebase-admin {"declared":true,"installed":true,"version":"8.12.1","resolution":"D:\\Coding\\Projets\\React\\react-boilerplate\\functions\\node_modules\\firebase-admin\\lib\\index.js"} 
[debug] [2020-05-15T01:49:38.072Z] [runtime-status] [20256] Resolved module firebase-functions {"declared":true,"installed":true,"version":"3.6.1","resolution":"D:\\Coding\\Projets\\React\\react-boilerplate\\functions\\node_modules\\firebase-functions\\lib\\index.js"} 
[debug] [2020-05-15T01:49:38.072Z] [runtime-status] [20256] firebase-admin has been stubbed. {"adminResolution":{"declared":true,"installed":true,"version":"8.12.1","resolution":"D:\\Coding\\Projets\\React\\react-boilerplate\\functions\\node_modules\\firebase-admin\\lib\\index.js"}} 
[debug] [2020-05-15T01:49:38.114Z] File D:\Coding\Projets\React\react-boilerplate\functions\index.js changed, reloading triggers 
[debug] [2020-05-15T01:49:38.160Z] [runtime-status] [20256] initializeApp(DEFAULT) {"databaseURL":"https://plateforme-ecole.firebaseio.com","storageBucket":"plateforme-ecole.appspot.com","projectId":"plateforme-ecole"} 
[debug] [2020-05-15T01:49:38.387Z] [worker-~diagnostic~-c4b7aaf0-34f7-44b5-a38e-71ee0aa31606]: IDLE 
[debug] [2020-05-15T01:49:39.114Z] [worker-pool] Shutting down IDLE worker (~diagnostic~) 
[debug] [2020-05-15T01:49:39.114Z] [worker-~diagnostic~-c4b7aaf0-34f7-44b5-a38e-71ee0aa31606]: FINISHING 
[debug] [2020-05-15T01:49:39.117Z] [worker-pool] addWorker(~diagnostic~) 
[debug] [2020-05-15T01:49:39.118Z] [worker-pool] Adding worker with key ~diagnostic~, total=2 
[debug] [2020-05-15T01:49:39.119Z] [worker-pool] submitWork(triggerId=) 
[debug] [2020-05-15T01:49:39.119Z] [worker-~diagnostic~-91a0ff17-8554-421a-9825-c8eb319c4faa]: Assigning socketPath: \\?\pipe\D:\Coding\Projets\React\react-boilerplate\functions\10396 
[debug] [2020-05-15T01:49:39.119Z] [worker-~diagnostic~-91a0ff17-8554-421a-9825-c8eb319c4faa]: BUSY 
[debug] [2020-05-15T01:49:39.123Z] [worker-~diagnostic~-c4b7aaf0-34f7-44b5-a38e-71ee0aa31606]: exited 
[debug] [2020-05-15T01:49:39.123Z] [worker-~diagnostic~-c4b7aaf0-34f7-44b5-a38e-71ee0aa31606]: FINISHED 
[debug] [2020-05-15T01:49:39.508Z] [runtime-status] [10396] Functions runtime initialized. {"cwd":"D:\\Coding\\Projets\\React\\react-boilerplate\\functions","node_version":"10.16.3"} 
[debug] [2020-05-15T01:49:39.509Z] [runtime-status] [10396] Disabled runtime features: undefined 
[debug] [2020-05-15T01:49:39.512Z] [runtime-status] [10396] Resolved module firebase-admin {"declared":true,"installed":true,"version":"8.12.1","resolution":"D:\\Coding\\Projets\\React\\react-boilerplate\\functions\\node_modules\\firebase-admin\\lib\\index.js"} 
[debug] [2020-05-15T01:49:39.513Z] [runtime-status] [10396] Resolved module firebase-functions {"declared":true,"installed":true,"version":"3.6.1","resolution":"D:\\Coding\\Projets\\React\\react-boilerplate\\functions\\node_modules\\firebase-functions\\lib\\index.js"} 
[debug] [2020-05-15T01:49:39.517Z] [runtime-status] [10396] Outgoing network have been stubbed. [{"name":"http","status":"mocked"},{"name":"http","status":"mocked"},{"name":"https","status":"mocked"},{"name":"https","status":"mocked"},{"name":"net","status":"mocked"}] 
[debug] [2020-05-15T01:49:39.557Z] [runtime-status] [10396] Checked functions.config() {"config":{}} 
[debug] [2020-05-15T01:49:39.557Z] [runtime-status] [10396] Resolved module firebase-functions {"declared":true,"installed":true,"version":"3.6.1","resolution":"D:\\Coding\\Projets\\React\\react-boilerplate\\functions\\node_modules\\firebase-functions\\lib\\index.js"} 
[debug] [2020-05-15T01:49:39.558Z] [runtime-status] [10396] Resolved module firebase-admin {"declared":true,"installed":true,"version":"8.12.1","resolution":"D:\\Coding\\Projets\\React\\react-boilerplate\\functions\\node_modules\\firebase-admin\\lib\\index.js"} 
[debug] [2020-05-15T01:49:39.558Z] [runtime-status] [10396] Resolved module firebase-functions {"declared":true,"installed":true,"version":"3.6.1","resolution":"D:\\Coding\\Projets\\React\\react-boilerplate\\functions\\node_modules\\firebase-functions\\lib\\index.js"} 
[debug] [2020-05-15T01:49:39.558Z] [runtime-status] [10396] firebase-admin has been stubbed. {"adminResolution":{"declared":true,"installed":true,"version":"8.12.1","resolution":"D:\\Coding\\Projets\\React\\react-boilerplate\\functions\\node_modules\\firebase-admin\\lib\\index.js"}} 
[debug] [2020-05-15T01:49:39.633Z] [runtime-status] [10396] initializeApp(DEFAULT) {"databaseURL":"https://plateforme-ecole.firebaseio.com","storageBucket":"plateforme-ecole.appspot.com","projectId":"plateforme-ecole"} 
[debug] [2020-05-15T01:49:39.811Z] [worker-~diagnostic~-91a0ff17-8554-421a-9825-c8eb319c4faa]: IDLE 
